2019-02-24 14:33:57,955 - Mike - DEBUG - doubler function is executing...
2019-02-24 14:33:57,955 - Mike - DEBUG - doubler function get result: 0
2019-02-24 14:33:57,955 - George - DEBUG - doubler function is executing...
2019-02-24 14:33:57,955 - George - DEBUG - doubler function get result: 2
2019-02-24 14:33:57,959 - Wanda - DEBUG - doubler function is executing...
2019-02-24 14:33:57,959 - Wanda - DEBUG - doubler function get result: 4
2019-02-24 14:33:57,959 - Dingbat - DEBUG - doubler function is executing...
2019-02-24 14:33:57,959 - Dingbat - DEBUG - doubler function get result: 6
2019-02-24 14:33:57,960 - Nina - DEBUG - doubler function is executing...
2019-02-24 14:33:57,960 - Nina - DEBUG - doubler function get result: 8
2019-02-24 16:03:50,996 - Mike - DEBUG - doubler function is executing...
2019-02-24 16:03:50,996 - Mike - DEBUG - doubler function get result: 0
2019-02-24 16:03:50,996 - George - DEBUG - doubler function is executing...
2019-02-24 16:03:50,996 - George - DEBUG - doubler function get result: 2
2019-02-24 16:03:50,996 - Wanda - DEBUG - doubler function is executing...
2019-02-24 16:03:50,996 - Wanda - DEBUG - doubler function get result: 4
2019-02-24 16:03:50,996 - Dingbat - DEBUG - doubler function is executing...
2019-02-24 16:03:50,996 - Dingbat - DEBUG - doubler function get result: 6
2019-02-24 16:03:50,996 - Nina - DEBUG - doubler function is executing...
2019-02-24 16:03:50,996 - Nina - DEBUG - doubler function get result: 8
